#
# There is insufficient memory for the Java Runtime Environment to continue.
# Native memory allocation (malloc) failed to allocate 32744 bytes for ChunkPool::allocate
# Possible reasons:
#   The system is out of physical RAM or swap space
#   The process is running with CompressedOops enabled, and the Java Heap may be blocking the growth of the native heap
# Possible solutions:
#   Reduce memory load on the system
#   Increase physical memory or swap space
#   Check if swap backing store is full
#   Decrease Java heap size (-Xmx/-Xms)
#   Decrease number of Java threads
#   Decrease Java thread stack sizes (-Xss)
#   Set larger code cache with -XX:ReservedCodeCacheSize=
#   JVM is running with Unscaled Compressed Oops mode in which the Java heap is
#     placed in the first 4GB address space. The Java Heap base address is the
#     maximum limit for the native heap growth. Please use -XX:HeapBaseMinAddress
#     to set the Java Heap base and to place the Java Heap above 4GB virtual address.
# This output file may be truncated or incomplete.
#
#  Out of Memory Error (t:/workspace/open/src/hotspot/share/memory/arena.cpp:81), pid=33096, tid=43088
#
# JRE version: Java(TM) SE Runtime Environment (11.0.2+9) (build 11.0.2+9-LTS)
# Java VM: Java HotSpot(TM) 64-Bit Server VM (11.0.2+9-LTS, mixed mode, tiered, compressed oops, g1 gc, windows-amd64)
# No core dump will be written. Minidumps are not enabled by default on client versions of Windows
#

---------------  S U M M A R Y ------------

Command Line: -XX:TieredStopAtLevel=1 -Xverify:none -Dspring.output.ansi.enabled=always -Dcom.sun.management.jmxremote -Dspring.liveBeansView.mbeanDomain -Dspring.application.admin.enabled=true -javaagent:E:\mingyao\IntelliJ IDEA 2018.3.5\lib\idea_rt.jar=53578:E:\mingyao\IntelliJ IDEA 2018.3.5\bin -Dfile.encoding=UTF-8 com.example.DemoApplication

Host: Intel(R) Core(TM) i5-7200U CPU @ 2.50GHz, 4 cores, 7G,  Windows 10 , 64 bit Build 15063 (10.0.15063.296)
Time: Mon Apr  1 15:41:49 2019 ?D1¨²¡À¨º¡Á?¨º¡À?? elapsed time: 0 seconds (0d 0h 0m 0s)

---------------  T H R E A D  ---------------

Current thread (0x0000024545fcd800):  JavaThread "C1 CompilerThread1" daemon [_thread_in_native, id=43088, stack(0x000000598f400000,0x000000598f500000)]


Current CompileTask:
C1:    384  333       1       java.io.WinNTFileSystem::prefixLength (91 bytes)

Stack: [0x000000598f400000,0x000000598f500000]
Native frames: (J=compiled Java code, j=interpreted, Vv=VM code, C=native code)
V  [jvm.dll+0x63574a]
V  [jvm.dll+0x77326f]
V  [jvm.dll+0x77491a]
V  [jvm.dll+0x774fd3]
V  [jvm.dll+0x25e418]
V  [jvm.dll+0xc237b]
V  [jvm.dll+0xc26dc]
V  [jvm.dll+0x13570a]
V  [jvm.dll+0x169f81]
V  [jvm.dll+0x15f9ac]
V  [jvm.dll+0x15c37e]
V  [jvm.dll+0x147520]
V  [jvm.dll+0x12cda9]
V  [jvm.dll+0x12c6a9]
V  [jvm.dll+0x12c8df]
V  [jvm.dll+0x12ba57]
V  [jvm.dll+0x12daf7]
V  [jvm.dll+0x2263af]
V  [jvm.dll+0x2249b8]
V  [jvm.dll+0x738a9d]
V  [jvm.dll+0x6347f2]
C  [ucrtbase.dll+0x20399]
C  [KERNEL32.DLL+0x12774]
C  [ntdll.dll+0x70d51]


---------------  P R O C E S S  ---------------

Threads class SMR info:
_java_thread_list=0x0000024546258e00, length=12, elements={
0x00000245276ed800, 0x0000024545605000, 0x0000024545610800, 0x0000024545e93000,
0x000002454563b000, 0x000002454563d000, 0x000002454564a800, 0x000002454559b000,
0x0000024545fcd800, 0x0000024545fce800, 0x000002454624c000, 0x000002454624d000
}

Java Threads: ( => current thread )
  0x00000245276ed800 JavaThread "main" [_thread_in_native, id=17880, stack(0x000000598e600000,0x000000598e700000)]
  0x0000024545605000 JavaThread "Reference Handler" daemon [_thread_blocked, id=32764, stack(0x000000598ed00000,0x000000598ee00000)]
  0x0000024545610800 JavaThread "Finalizer" daemon [_thread_blocked, id=49092, stack(0x000000598ee00000,0x000000598ef00000)]
  0x0000024545e93000 JavaThread "Signal Dispatcher" daemon [_thread_blocked, id=29988, stack(0x000000598ef00000,0x000000598f000000)]
  0x000002454563b000 JavaThread "Attach Listener" daemon [_thread_blocked, id=46140, stack(0x000000598f000000,0x000000598f100000)]
  0x000002454563d000 JavaThread "C1 CompilerThread0" daemon [_thread_in_native, id=40100, stack(0x000000598f100000,0x000000598f200000)]
  0x000002454564a800 JavaThread "Sweeper thread" daemon [_thread_blocked, id=37880, stack(0x000000598f200000,0x000000598f300000)]
  0x000002454559b000 JavaThread "Common-Cleaner" daemon [_thread_blocked, id=39072, stack(0x000000598f300000,0x000000598f400000)]
=>0x0000024545fcd800 JavaThread "C1 CompilerThread1" daemon [_thread_in_native, id=43088, stack(0x000000598f400000,0x000000598f500000)]
  0x0000024545fce800 JavaThread "C1 CompilerThread2" daemon [_thread_in_native, id=31172, stack(0x000000598f500000,0x000000598f600000)]
  0x000002454624c000 JavaThread "Monitor Ctrl-Break" daemon [_thread_in_native, id=41020, stack(0x000000598f600000,0x000000598f700000)]
  0x000002454624d000 JavaThread "Service Thread" daemon [_thread_blocked, id=27588, stack(0x000000598f700000,0x000000598f800000)]

Other Threads:
  0x00000245455df000 VMThread "VM Thread" [stack: 0x000000598ec00000,0x000000598ed00000] [id=36104]
  0x0000024527706800 GCTaskThread "GC Thread#0" [stack: 0x000000598e700000,0x000000598e800000] [id=38996]
  0x000002452773b800 ConcurrentGCThread "G1 Main Marker" [stack: 0x000000598e800000,0x000000598e900000] [id=31300]
  0x000002452773e000 ConcurrentGCThread "G1 Conc#0" [stack: 0x000000598e900000,0x000000598ea00000] [id=44640]
  0x00000245277bb000 ConcurrentGCThread "G1 Refine#0" [stack: 0x000000598ea00000,0x000000598eb00000] [id=31640]
  0x00000245277bc000 ConcurrentGCThread "G1 Young RemSet Sampling" [stack: 0x000000598eb00000,0x000000598ec00000] [id=47484]

Threads with active compile tasks:
C1 CompilerThread0 344       1       sun.invoke.util.VerifyAccess::isTypeVisible (118 bytes)
C1 CompilerThread1 333       1       java.io.WinNTFileSystem::prefixLength (91 bytes)
C1 CompilerThread2 336       1       java.lang.invoke.MethodType$ConcurrentWeakInternSet$WeakEntry::equals (49 bytes)

VM state:not at safepoint (normal execution)

VM Mutex/Monitor currently owned by a thread: None

Heap address: 0x0000000088a00000, size: 1910 MB, Compressed Oops mode: 32-bit
Narrow klass base: 0x0000000000000000, Narrow klass shift: 3
Compressed class space size: 1073741824 Address: 0x0000000100000000

Heap:
 garbage-first heap   total 122880K, used 4096K [0x0000000088a00000, 0x0000000100000000)
  region size 1024K, 6 young (6144K), 0 survivors (0K)
 Metaspace       used 7151K, capacity 7217K, committed 7424K, reserved 1056768K
  class space    used 658K, capacity 679K, committed 768K, reserved 1048576K
Heap Regions: E=young(eden), S=young(survivor), O=old, HS=humongous(starts), HC=humongous(continues), CS=collection set, F=free, A=archive, TAMS=top-at-mark-start (previous, next)
|   0|0x0000000088a00000, 0x0000000088a00000, 0x0000000088b00000|  0%| F|  |TAMS 0x0000000088a00000, 0x0000000088a00000| Untracked 
|   1|0x0000000088b00000, 0x0000000088b00000, 0x0000000088c00000|  0%| F|  |TAMS 0x0000000088b00000, 0x0000000088b00000| Untracked 
|   2|0x0000000088c00000, 0x0000000088c00000, 0x0000000088d00000|  0%| F|  |TAMS 0x0000000088c00000, 0x0000000088c00000| Untracked 
|   3|0x0000000088d00000, 0x0000000088d00000, 0x0000000088e00000|  0%| F|  |TAMS 0x0000000088d00000, 0x0000000088d00000| Untracked 
|   4|0x0000000088e00000, 0x0000000088e00000, 0x0000000088f00000|  0%| F|  |TAMS 0x0000000088e00000, 0x0000000088e00000| Untracked 
|   5|0x0000000088f00000, 0x0000000088f00000, 0x0000000089000000|  0%| F|  |TAMS 0x0000000088f00000, 0x0000000088f00000| Untracked 
|   6|0x0000000089000000, 0x0000000089000000, 0x0000000089100000|  0%| F|  |TAMS 0x0000000089000000, 0x0000000089000000| Untracked 
|   7|0x0000000089100000, 0x0000000089100000, 0x0000000089200000|  0%| F|  |TAMS 0x0000000089100000, 0x0000000089100000| Untracked 
|   8|0x0000000089200000, 0x0000000089200000, 0x0000000089300000|  0%| F|  |TAMS 0x0000000089200000, 0x0000000089200000| Untracked 
|   9|0x0000000089300000, 0x0000000089300000, 0x0000000089400000|  0%| F|  |TAMS 0x0000000089300000, 0x0000000089300000| Untracked 
|  10|0x0000000089400000, 0x0000000089400000, 0x0000000089500000|  0%| F|  |TAMS 0x0000000089400000, 0x0000000089400000| Untracked 
|  11|0x0000000089500000, 0x0000000089500000, 0x0000000089600000|  0%| F|  |TAMS 0x0000000089500000, 0x0000000089500000| Untracked 
|  12|0x0000000089600000, 0x0000000089600000, 0x0000000089700000|  0%| F|  |TAMS 0x0000000089600000, 0x0000000089600000| Untracked 
|  13|0x0000000089700000, 0x0000000089700000, 0x0000000089800000|  0%| F|  |TAMS 0x0000000089700000, 0x0000000089700000| Untracked 
|  14|0x0000000089800000, 0x0000000089800000, 0x0000000089900000|  0%| F|  |TAMS 0x0000000089800000, 0x0000000089800000| Untracked 
|  15|0x0000000089900000, 0x0000000089900000, 0x0000000089a00000|  0%| F|  |TAMS 0x0000000089900000, 0x0000000089900000| Untracked 
|  16|0x0000000089a00000, 0x0000000089a00000, 0x0000000089b00000|  0%| F|  |TAMS 0x0000000089a00000, 0x0000000089a00000| Untracked 
|  17|0x0000000089b00000, 0x0000000089b00000, 0x0000000089c00000|  0%| F|  |TAMS 0x0000000089b00000, 0x0000000089b00000| Untracked 
|  18|0x0000000089c00000, 0x0000000089c00000, 0x0000000089d00000|  0%| F|  |TAMS 0x0000000089c00000, 0x0000000089c00000| Untracked 
|  19|0x0000000089d00000, 0x0000000089d00000, 0x0000000089e00000|  0%| F|  |TAMS 0x0000000089d00000, 0x0000000089d00000| Untracked 
|  20|0x0000000089e00000, 0x0000000089e00000, 0x0000000089f00000|  0%| F|  |TAMS 0x0000000089e00000, 0x0000000089e00000| Untracked 
|  21|0x0000000089f00000, 0x0000000089f00000, 0x000000008a000000|  0%| F|  |TAMS 0x0000000089f00000, 0x0000000089f00000| Untracked 
|  22|0x000000008a000000, 0x000000008a000000, 0x000000008a100000|  0%| F|  |TAMS 0x000000008a000000, 0x000000008a000000| Untracked 
|  23|0x000000008a100000, 0x000000008a100000, 0x000000008a200000|  0%| F|  |TAMS 0x000000008a100000, 0x000000008a100000| Untracked 
|  24|0x000000008a200000, 0x000000008a200000, 0x000000008a300000|  0%| F|  |TAMS 0x000000008a200000, 0x000000008a200000| Untracked 
|  25|0x000000008a300000, 0x000000008a300000, 0x000000008a400000|  0%| F|  |TAMS 0x000000008a300000, 0x000000008a300000| Untracked 
|  26|0x000000008a400000, 0x000000008a400000, 0x000000008a500000|  0%| F|  |TAMS 0x000000008a400000, 0x000000008a400000| Untracked 
|  27|0x000000008a500000, 0x000000008a500000, 0x000000008a600000|  0%| F|  |TAMS 0x000000008a500000, 0x000000008a500000| Untracked 
|  28|0x000000008a600000, 0x000000008a600000, 0x000000008a700000|  0%| F|  |TAMS 0x000000008a600000, 0x000000008a600000| Untracked 
|  29|0x000000008a700000, 0x000000008a700000, 0x000000008a800000|  0%| F|  |TAMS 0x000000008a700000, 0x000000008a700000| Untracked 
|  30|0x000000008a800000, 0x000000008a800000, 0x000000008a900000|  0%| F|  |TAMS 0x000000008a800000, 0x000000008a800000| Untracked 
|  31|0x000000008a900000, 0x000000008a900000, 0x000000008aa00000|  0%| F|  |TAMS 0x000000008a900000, 0x000000008a900000| Untracked 
|  32|0x000000008aa00000, 0x000000008aa00000, 0x000000008ab00000|  0%| F|  |TAMS 0x000000008aa00000, 0x000000008aa00000| Untracked 
|  33|0x000000008ab00000, 0x000000008ab00000, 0x000000008ac00000|  0%| F|  |TAMS 0x000000008ab00000, 0x000000008ab00000| Untracked 
|  34|0x000000008ac00000, 0x000000008ac00000, 0x000000008ad00000|  0%| F|  |TAMS 0x000000008ac00000, 0x000000008ac00000| Untracked 
|  35|0x000000008ad00000, 0x000000008ad00000, 0x000000008ae00000|  0%| F|  |TAMS 0x000000008ad00000, 0x000000008ad00000| Untracked 
|  36|0x000000008ae00000, 0x000000008ae00000, 0x000000008af00000|  0%| F|  |TAMS 0x000000008ae00000, 0x000000008ae00000| Untracked 
|  37|0x000000008af00000, 0x000000008af00000, 0x000000008b000000|  0%| F|  |TAMS 0x000000008af00000, 0x000000008af00000| Untracked 
|  38|0x000000008b000000, 0x000000008b000000, 0x000000008b100000|  0%| F|  |TAMS 0x000000008b000000, 0x000000008b000000| Untracked 
|  39|0x000000008b100000, 0x000000008b100000, 0x000000008b200000|  0%| F|  |TAMS 0x000000008b100000, 0x000000008b100000| Untracked 
|  40|0x000000008b200000, 0x000000008b200000, 0x000000008b300000|  0%| F|  |TAMS 0x000000008b200000, 0x000000008b200000| Untracked 
|  41|0x000000008b300000, 0x000000008b300000, 0x000000008b400000|  0%| F|  |TAMS 0x000000008b300000, 0x000000008b300000| Untracked 
|  42|0x000000008b400000, 0x000000008b400000, 0x000000008b500000|  0%| F|  |TAMS 0x000000008b400000, 0x000000008b400000| Untracked 
|  43|0x000000008b500000, 0x000000008b500000, 0x000000008b600000|  0%| F|  |TAMS 0x000000008b500000, 0x000000008b500000| Untracked 
|  44|0x000000008b600000, 0x000000008b600000, 0x000000008b700000|  0%| F|  |TAMS 0x000000008b600000, 0x000000008b600000| Untracked 
|  45|0x000000008b700000, 0x000000008b700000, 0x000000008b800000|  0%| F|  |TAMS 0x000000008b700000, 0x000000008b700000| Untracked 
|  46|0x000000008b800000, 0x000000008b800000, 0x000000008b900000|  0%| F|  |TAMS 0x000000008b800000, 0x000000008b800000| Untracked 
|  47|0x000000008b900000, 0x000000008b900000, 0x000000008ba00000|  0%| F|  |TAMS 0x000000008b900000, 0x000000008b900000| Untracked 
|  48|0x000000008ba00000, 0x000000008ba00000, 0x000000008bb00000|  0%| F|  |TAMS 0x000000008ba00000, 0x000000008ba00000| Untracked 
|  49|0x000000008bb00000, 0x000000008bb00000, 0x000000008bc00000|  0%| F|  |TAMS 0x000000008bb00000, 0x000000008bb00000| Untracked 
|  50|0x000000008bc00000, 0x000000008bc00000, 0x000000008bd00000|  0%| F|  |TAMS 0x000000008bc00000, 0x000000008bc00000| Untracked 
|  51|0x000000008bd00000, 0x000000008bd00000, 0x000000008be00000|  0%| F|  |TAMS 0x000000008bd00000, 0x000000008bd00000| Untracked 
|  52|0x000000008be00000, 0x000000008be00000, 0x000000008bf00000|  0%| F|  |TAMS 0x000000008be00000, 0x000000008be00000| Untracked 
|  53|0x000000008bf00000, 0x000000008bf00000, 0x000000008c000000|  0%| F|  |TAMS 0x000000008bf00000, 0x000000008bf00000| Untracked 
|  54|0x000000008c000000, 0x000000008c000000, 0x000000008c100000|  0%| F|  |TAMS 0x000000008c000000, 0x000000008c000000| Untracked 
|  55|0x000000008c100000, 0x000000008c100000, 0x000000008c200000|  0%| F|  |TAMS 0x000000008c100000, 0x000000008c100000| Untracked 
|  56|0x000000008c200000, 0x000000008c200000, 0x000000008c300000|  0%| F|  |TAMS 0x000000008c200000, 0x000000008c200000| Untracked 
|  57|0x000000008c300000, 0x000000008c300000, 0x000000008c400000|  0%| F|  |TAMS 0x000000008c300000, 0x000000008c300000| Untracked 
|  58|0x000000008c400000, 0x000000008c400000, 0x000000008c500000|  0%| F|  |TAMS 0x000000008c400000, 0x000000008c400000| Untracked 
|  59|0x000000008c500000, 0x000000008c500000, 0x000000008c600000|  0%| F|  |TAMS 0x000000008c500000, 0x000000008c500000| Untracked 
|  60|0x000000008c600000, 0x000000008c600000, 0x000000008c700000|  0%| F|  |TAMS 0x000000008c600000, 0x000000008c600000| Untracked 
|  61|0x000000008c700000, 0x000000008c700000, 0x000000008c800000|  0%| F|  |TAMS 0x000000008c700000, 0x000000008c700000| Untracked 
|  62|0x000000008c800000, 0x000000008c800000, 0x000000008c900000|  0%| F|  |TAMS 0x000000008c800000, 0x000000008c800000| Untracked 
|  63|0x000000008c900000, 0x000000008c900000, 0x000000008ca00000|  0%| F|  |TAMS 0x000000008c900000, 0x000000008c900000| Untracked 
|  64|0x000000008ca00000, 0x000000008ca00000, 0x000000008cb00000|  0%| F|  |TAMS 0x000000008ca00000, 0x000000008ca00000| Untracked 
|  65|0x000000008cb00000, 0x000000008cb00000, 0x000000008cc00000|  0%| F|  |TAMS 0x000000008cb00000, 0x000000008cb00000| Untracked 
|  66|0x000000008cc00000, 0x000000008cc00000, 0x000000008cd00000|  0%| F|  |TAMS 0x000000008cc00000, 0x000000008cc00000| Untracked 
|  67|0x000000008cd00000, 0x000000008cd00000, 0x000000008ce00000|  0%| F|  |TAMS 0x000000008cd00000, 0x000000008cd00000| Untracked 
|  68|0x000000008ce00000, 0x000000008ce00000, 0x000000008cf00000|  0%| F|  |TAMS 0x000000008ce00000, 0x000000008ce00000| Untracked 
|  69|0x000000008cf00000, 0x000000008cf00000, 0x000000008d000000|  0%| F|  |TAMS 0x000000008cf00000, 0x000000008cf00000| Untracked 
|  70|0x000000008d000000, 0x000000008d000000, 0x000000008d100000|  0%| F|  |TAMS 0x000000008d000000, 0x000000008d000000| Untracked 
|  71|0x000000008d100000, 0x000000008d100000, 0x000000008d200000|  0%| F|  |TAMS 0x000000008d100000, 0x000000008d100000| Untracked 
|  72|0x000000008d200000, 0x000000008d200000, 0x000000008d300000|  0%| F|  |TAMS 0x000000008d200000, 0x000000008d200000| Untracked 
|  73|0x000000008d300000, 0x000000008d300000, 0x000000008d400000|  0%| F|  |TAMS 0x000000008d300000, 0x000000008d300000| Untracked 
|  74|0x000000008d400000, 0x000000008d400000, 0x000000008d500000|  0%| F|  |TAMS 0x000000008d400000, 0x000000008d400000| Untracked 
|  75|0x000000008d500000, 0x000000008d500000, 0x000000008d600000|  0%| F|  |TAMS 0x000000008d500000, 0x000000008d500000| Untracked 
|  76|0x000000008d600000, 0x000000008d600000, 0x000000008d700000|  0%| F|  |TAMS 0x000000008d600000, 0x000000008d600000| Untracked 
|  77|0x000000008d700000, 0x000000008d700000, 0x000000008d800000|  0%| F|  |TAMS 0x000000008d700000, 0x000000008d700000| Untracked 
|  78|0x000000008d800000, 0x000000008d800000, 0x000000008d900000|  0%| F|  |TAMS 0x000000008d800000, 0x000000008d800000| Untracked 
|  79|0x000000008d900000, 0x000000008d900000, 0x000000008da00000|  0%| F|  |TAMS 0x000000008d900000, 0x000000008d900000| Untracked 
|  80|0x000000008da00000, 0x000000008da00000, 0x000000008db00000|  0%| F|  |TAMS 0x000000008da00000, 0x000000008da00000| Untracked 
|  81|0x000000008db00000, 0x000000008db00000, 0x000000008dc00000|  0%| F|  |TAMS 0x000000008db00000, 0x000000008db00000| Untracked 
|  82|0x000000008dc00000, 0x000000008dc00000, 0x000000008dd00000|  0%| F|  |TAMS 0x000000008dc00000, 0x000000008dc00000| Untracked 
|  83|0x000000008dd00000, 0x000000008dd00000, 0x000000008de00000|  0%| F|  |TAMS 0x000000008dd00000, 0x000000008dd00000| Untracked 
|  84|0x000000008de00000, 0x000000008de00000, 0x000000008df00000|  0%| F|  |TAMS 0x000000008de00000, 0x000000008de00000| Untracked 
|  85|0x000000008df00000, 0x000000008df00000, 0x000000008e000000|  0%| F|  |TAMS 0x000000008df00000, 0x000000008df00000| Untracked 
|  86|0x000000008e000000, 0x000000008e000000, 0x000000008e100000|  0%| F|  |TAMS 0x000000008e000000, 0x000000008e000000| Untracked 
|  87|0x000000008e100000, 0x000000008e100000, 0x000000008e200000|  0%| F|  |TAMS 0x000000008e100000, 0x000000008e100000| Untracked 
|  88|0x000000008e200000, 0x000000008e200000, 0x000000008e300000|  0%| F|  |TAMS 0x000000008e200000, 0x000000008e200000| Untracked 
|  89|0x000000008e300000, 0x000000008e300000, 0x000000008e400000|  0%| F|  |TAMS 0x000000008e300000, 0x000000008e300000| Untracked 
|  90|0x000000008e400000, 0x000000008e400000, 0x000000008e500000|  0%| F|  |TAMS 0x000000008e400000, 0x000000008e400000| Untracked 
|  91|0x000000008e500000, 0x000000008e500000, 0x000000008e600000|  0%| F|  |TAMS 0x000000008e500000, 0x000000008e500000| Untracked 
|  92|0x000000008e600000, 0x000000008e600000, 0x000000008e700000|  0%| F|  |TAMS 0x000000008e600000, 0x000000008e600000| Untracked 
|  93|0x000000008e700000, 0x000000008e700000, 0x000000008e800000|  0%| F|  |TAMS 0x000000008e700000, 0x000000008e700000| Untracked 
|  94|0x000000008e800000, 0x000000008e800000, 0x000000008e900000|  0%| F|  |TAMS 0x000000008e800000, 0x000000008e800000| Untracked 
|  95|0x000000008e900000, 0x000000008e900000, 0x000000008ea00000|  0%| F|  |TAMS 0x000000008e900000, 0x000000008e900000| Untracked 
|  96|0x000000008ea00000, 0x000000008ea00000, 0x000000008eb00000|  0%| F|  |TAMS 0x000000008ea00000, 0x000000008ea00000| Untracked 
|  97|0x000000008eb00000, 0x000000008eb00000, 0x000000008ec00000|  0%| F|  |TAMS 0x000000008eb00000, 0x000000008eb00000| Untracked 
|  98|0x000000008ec00000, 0x000000008ec00000, 0x000000008ed00000|  0%| F|  |TAMS 0x000000008ec00000, 0x000000008ec00000| Untracked 
|  99|0x000000008ed00000, 0x000000008ed00000, 0x000000008ee00000|  0%| F|  |TAMS 0x000000008ed00000, 0x000000008ed00000| Untracked 
| 100|0x000000008ee00000, 0x000000008ee00000, 0x000000008ef00000|  0%| F|  |TAMS 0x000000008ee00000, 0x000000008ee00000| Untracked 
| 101|0x000000008ef00000, 0x000000008ef00000, 0x000000008f000000|  0%| F|  |TAMS 0x000000008ef00000, 0x000000008ef00000| Untracked 
| 102|0x000000008f000000, 0x000000008f000000, 0x000000008f100000|  0%| F|  |TAMS 0x000000008f000000, 0x000000008f000000| Untracked 
| 103|0x000000008f100000, 0x000000008f100000, 0x000000008f200000|  0%| F|  |TAMS 0x000000008f100000, 0x000000008f100000| Untracked 
| 104|0x000000008f200000, 0x000000008f200000, 0x000000008f300000|  0%| F|  |TAMS 0x000000008f200000, 0x000000008f200000| Untracked 
| 105|0x000000008f300000, 0x000000008f300000, 0x000000008f400000|  0%| F|  |TAMS 0x000000008f300000, 0x000000008f300000| Untracked 
| 106|0x000000008f400000, 0x000000008f400000, 0x000000008f500000|  0%| F|  |TAMS 0x000000008f400000, 0x000000008f400000| Untracked 
| 107|0x000000008f500000, 0x000000008f500000, 0x000000008f600000|  0%| F|  |TAMS 0x000000008f500000, 0x000000008f500000| Untracked 
| 108|0x000000008f600000, 0x000000008f600000, 0x000000008f700000|  0%| F|  |TAMS 0x000000008f600000, 0x000000008f600000| Untracked 
| 109|0x000000008f700000, 0x000000008f700000, 0x000000008f800000|  0%| F|  |TAMS 0x000000008f700000, 0x000000008f700000| Untracked 
| 110|0x000000008f800000, 0x000000008f800000, 0x000000008f900000|  0%| F|  |TAMS 0x000000008f800000, 0x000000008f800000| Untracked 
| 111|0x000000008f900000, 0x000000008f900000, 0x000000008fa00000|  0%| F|  |TAMS 0x000000008f900000, 0x000000008f900000| Untracked 
| 112|0x000000008fa00000, 0x000000008fa00000, 0x000000008fb00000|  0%| F|  |TAMS 0x000000008fa00000, 0x000000008fa00000| Untracked 
| 113|0x000000008fb00000, 0x000000008fb00000, 0x000000008fc00000|  0%| F|  |TAMS 0x000000008fb00000, 0x000000008fb00000| Untracked 
| 114|0x000000008fc00000, 0x000000008fc91638, 0x000000008fd00000| 56%| E|  |TAMS 0x000000008fc00000, 0x000000008fc00000| Complete 
| 115|0x000000008fd00000, 0x000000008fe00000, 0x000000008fe00000|100%| E|CS|TAMS 0x000000008fd00000, 0x000000008fd00000| Complete 
| 116|0x000000008fe00000, 0x000000008ff00000, 0x000000008ff00000|100%| E|  |TAMS 0x000000008fe00000, 0x000000008fe00000| Complete 
| 117|0x000000008ff00000, 0x0000000090000000, 0x0000000090000000|100%| E|CS|TAMS 0x000000008ff00000, 0x000000008ff00000| Complete 
| 118|0x0000000090000000, 0x0000000090100000, 0x0000000090100000|100%| E|CS|TAMS 0x0000000090000000, 0x0000000090000000| Complete 
| 119|0x0000000090100000, 0x0000000090200000, 0x0000000090200000|100%| E|CS|TAMS 0x0000000090100000, 0x0000000090100000| Complete 

Card table byte_map: [0x000002453edd0000,0x000002453f190000] _byte_map_base: 0x000002453e98b000

Marking Bits (Prev, Next): (CMBitMap*) 0x0000024527733278, (CMBitMap*) 0x00000245277332b0
 Prev Bits: [0x000002453f550000, 0x0000024541328000)
 Next Bits: [0x0000024541330000, 0x0000024543108000)

Polling page: 0x0000024525650000

Metaspace:

Usage:
  Non-class:      6.38 MB capacity,     6.34 MB (>99%) used,    38.88 KB ( <1%) free+waste,     5.69 KB ( <1%) overhead. 
      Class:    679.00 KB capacity,   658.39 KB ( 97%) used,    17.92 KB (  3%) free+waste,     2.69 KB ( <1%) overhead. 
       Both:      7.05 MB capacity,     6.98 MB (>99%) used,    56.80 KB ( <1%) free+waste,     8.38 KB ( <1%) overhead. 

Virtual space:
  Non-class space:        8.00 MB reserved,       6.50 MB ( 81%) committed 
      Class space:        1.00 GB reserved,     768.00 KB ( <1%) committed 
             Both:        1.01 GB reserved,       7.25 MB ( <1%) committed 

Chunk freelists:
   Non-Class:  6.75 KB
       Class:  0 bytes
        Both:  6.75 KB

CodeHeap 'non-profiled nmethods': size=238912Kb used=405Kb max_used=405Kb free=238506Kb
 bounds [0x00000245300c0000, 0x0000024530330000, 0x000002453ea10000]
CodeHeap 'non-nmethods': size=6848Kb used=2187Kb max_used=2187Kb free=4660Kb
 bounds [0x000002452fa10000, 0x000002452fc80000, 0x00000245300c0000]
 total_blobs=724 nmethods=361 adapters=272
 compilation: enabled
              stopped_count=0, restarted_count=0
 full_count=0

Compilation events (10 events):
Event: 0.380 Thread 0x000002454563d000 nmethod 325 0x000002453011e010 code [0x000002453011e1c0, 0x000002453011e338]
Event: 0.380 Thread 0x0000024545fcd800  328       1       java.lang.invoke.MethodType::equals (29 bytes)
Event: 0.380 Thread 0x0000024545fcd800 nmethod 328 0x000002453011e790 code [0x000002453011e940, 0x000002453011eb70]
Event: 0.381 Thread 0x0000024545fce800  330       1       java.lang.invoke.LambdaForm::argument (27 bytes)
Event: 0.381 Thread 0x0000024545fce800 nmethod 330 0x000002453011ee90 code [0x000002453011f060, 0x000002453011f270]
Event: 0.381 Thread 0x000002454563d000  331       1       sun.invoke.util.Wrapper::basicTypeChar (5 bytes)
Event: 0.381 Thread 0x000002454563d000 nmethod 331 0x000002453011f410 code [0x000002453011f5c0, 0x000002453011f6d8]
Event: 0.381 Thread 0x0000024545fcd800  333       1       java.io.WinNTFileSystem::prefixLength (91 bytes)
Event: 0.381 Thread 0x0000024545fce800  334       1       java.lang.invoke.MethodType::checkPtypes (61 bytes)
Event: 0.382 Thread 0x0000024545fce800 nmethod 334 0x000002453011f990 code [0x000002453011fbc0, 0x0000024530120090]

GC Heap History (0 events):
No events

Deoptimization events (0 events):
No events

Classes redefined (0 events):
No events

Internal exceptions (0 events):
No events

Events (10 events):
Event: 0.381 loading class java/net/Proxy
Event: 0.381 loading class java/net/Proxy done
Event: 0.381 loading class java/net/Proxy$Type
Event: 0.381 loading class java/net/Proxy$Type done
Event: 0.381 loading class sun/net/spi/DefaultProxySelector$1
Event: 0.381 loading class sun/net/spi/DefaultProxySelector$1 done
Event: 0.381 loading class sun/net/NetProperties
Event: 0.381 loading class sun/net/NetProperties done
Event: 0.381 loading class sun/net/NetProperties$1
Event: 0.381 loading class sun/net/NetProperties$1 done


Dynamic libraries:
0x00007ff66abf0000 - 0x00007ff66ac37000 	E:\mingyao\jdk-11.0.2_windows-x64_bin\jdk-11.0.2\bin\java.exe
0x00007ff8a37a0000 - 0x00007ff8a397b000 	C:\Windows\SYSTEM32\ntdll.dll
0x00007ff8a0e50000 - 0x00007ff8a0efe000 	C:\Windows\System32\KERNEL32.DLL
0x00007ff8a00b0000 - 0x00007ff8a02f9000 	C:\Windows\System32\KERNELBASE.dll
0x00007ff8a1090000 - 0x00007ff8a1131000 	C:\Windows\System32\ADVAPI32.dll
0x00007ff8a3500000 - 0x00007ff8a359d000 	C:\Windows\System32\msvcrt.dll
0x00007ff8a3620000 - 0x00007ff8a3679000 	C:\Windows\System32\sechost.dll
0x00007ff8a12e0000 - 0x00007ff8a1405000 	C:\Windows\System32\RPCRT4.dll
0x00007ff8a0d00000 - 0x00007ff8a0e4a000 	C:\Windows\System32\USER32.dll
0x00007ff8a0ce0000 - 0x00007ff8a0cfe000 	C:\Windows\System32\win32u.dll
0x00007ff8a1140000 - 0x00007ff8a1167000 	C:\Windows\System32\GDI32.dll
0x00007ff89ff20000 - 0x00007ff8a00a7000 	C:\Windows\System32\gdi32full.dll
0x00007ff89fe80000 - 0x00007ff89ff1a000 	C:\Windows\System32\msvcp_win.dll
0x00007ff89fd80000 - 0x00007ff89fe76000 	C:\Windows\System32\ucrtbase.dll
0x00007ff894290000 - 0x00007ff8944f7000 	C:\Windows\WinSxS\amd64_microsoft.windows.common-controls_6595b64144ccf1df_6.0.15063.483_none_26002d27e7c744a2\COMCTL32.dll
0x00007ff8a3200000 - 0x00007ff8a34f9000 	C:\Windows\System32\combase.dll
0x00007ff89fd10000 - 0x00007ff89fd7a000 	C:\Windows\System32\bcryptPrimitives.dll
0x00007ff897460000 - 0x00007ff89746a000 	C:\Windows\SYSTEM32\VERSION.dll
0x00007ff8a0f00000 - 0x00007ff8a0f2d000 	C:\Windows\System32\IMM32.DLL
0x00007ff8977e0000 - 0x00007ff8977f6000 	E:\mingyao\jdk-11.0.2_windows-x64_bin\jdk-11.0.2\bin\vcruntime140.dll
0x00007ff882380000 - 0x00007ff88242a000 	E:\mingyao\jdk-11.0.2_windows-x64_bin\jdk-11.0.2\bin\msvcp140.dll
0x00007ff8757e0000 - 0x00007ff876307000 	E:\mingyao\jdk-11.0.2_windows-x64_bin\jdk-11.0.2\bin\server\jvm.dll
0x00007ff8a3790000 - 0x00007ff8a3798000 	C:\Windows\System32\PSAPI.DLL
0x00007ff890120000 - 0x00007ff890129000 	C:\Windows\SYSTEM32\WSOCK32.dll
0x00007ff8a2990000 - 0x00007ff8a29fc000 	C:\Windows\System32\WS2_32.dll
0x00007ff89c590000 - 0x00007ff89c5b3000 	C:\Windows\SYSTEM32\WINMM.dll
0x00007ff89c530000 - 0x00007ff89c55b000 	C:\Windows\SYSTEM32\WINMMBASE.dll
0x00007ff89fcc0000 - 0x00007ff89fd09000 	C:\Windows\System32\cfgmgr32.dll
0x00007ff89fc30000 - 0x00007ff89fc41000 	C:\Windows\System32\kernel.appcore.dll
0x00007ff891d70000 - 0x00007ff891d81000 	E:\mingyao\jdk-11.0.2_windows-x64_bin\jdk-11.0.2\bin\verify.dll
0x00007ff871920000 - 0x00007ff871ac9000 	C:\Windows\SYSTEM32\DBGHELP.DLL
0x00007ff88a0c0000 - 0x00007ff88a0e9000 	C:\Windows\SYSTEM32\dbgcore.DLL
0x00007ff891cf0000 - 0x00007ff891d19000 	E:\mingyao\jdk-11.0.2_windows-x64_bin\jdk-11.0.2\bin\java.dll
0x00007ff888aa0000 - 0x00007ff888acf000 	E:\mingyao\jdk-11.0.2_windows-x64_bin\jdk-11.0.2\bin\instrument.dll
0x00007ff891620000 - 0x00007ff891636000 	E:\mingyao\jdk-11.0.2_windows-x64_bin\jdk-11.0.2\bin\zip.dll
0x00007ff892db0000 - 0x00007ff892dba000 	E:\mingyao\jdk-11.0.2_windows-x64_bin\jdk-11.0.2\bin\jimage.dll
0x00007ff8a14a0000 - 0x00007ff8a28d7000 	C:\Windows\System32\SHELL32.dll
0x00007ff8a28e0000 - 0x00007ff8a298a000 	C:\Windows\System32\shcore.dll
0x00007ff8a04d0000 - 0x00007ff8a0bc1000 	C:\Windows\System32\windows.storage.dll
0x00007ff8a35c0000 - 0x00007ff8a3611000 	C:\Windows\System32\shlwapi.dll
0x00007ff89fc70000 - 0x00007ff89fcbc000 	C:\Windows\System32\powrprof.dll
0x00007ff89fc10000 - 0x00007ff89fc25000 	C:\Windows\System32\profapi.dll
0x00007ff890a10000 - 0x00007ff890a29000 	E:\mingyao\jdk-11.0.2_windows-x64_bin\jdk-11.0.2\bin\net.dll
0x00007ff89c100000 - 0x00007ff89c1d6000 	C:\Windows\SYSTEM32\WINHTTP.dll
0x00007ff896760000 - 0x00007ff896927000 	C:\Windows\SYSTEM32\urlmon.dll
0x00007ff896de0000 - 0x00007ff89706a000 	C:\Windows\SYSTEM32\iertutil.dll
0x00007ff89f6b0000 - 0x00007ff89f6bb000 	C:\Windows\SYSTEM32\CRYPTBASE.DLL
0x00007ff89f4f0000 - 0x00007ff89f54c000 	C:\Windows\system32\mswsock.dll
0x00007ff8909f0000 - 0x00007ff890a03000 	E:\mingyao\jdk-11.0.2_windows-x64_bin\jdk-11.0.2\bin\nio.dll
0x00007ff881fa0000 - 0x00007ff881fba000 	E:\mingyao\IntelliJ IDEA 2018.3.5\bin\breakgen64.dll
0x00007ff89f2d0000 - 0x00007ff89f374000 	C:\Windows\SYSTEM32\DNSAPI.dll
0x00007ff8a1490000 - 0x00007ff8a1498000 	C:\Windows\System32\NSI.dll
0x00007ff89f290000 - 0x00007ff89f2c7000 	C:\Windows\SYSTEM32\IPHLPAPI.DLL
0x0000000062e50000 - 0x0000000062e76000 	C:\Program Files\Bonjour\mdnsNSP.dll
0x00007ff896170000 - 0x00007ff89617a000 	C:\Windows\System32\rasadhlp.dll
0x00007ff89c9f0000 - 0x00007ff89ca5b000 	C:\Windows\System32\fwpuclnt.dll
0x00007ff89f7a0000 - 0x00007ff89f7c5000 	C:\Windows\SYSTEM32\bcrypt.dll

dbghelp: loaded successfully - version: 4.0.5 - missing functions: none
symbol engine: initialized successfully - sym options: 0x614 - pdb path: .;E:\mingyao\jdk-11.0.2_windows-x64_bin\jdk-11.0.2\bin;C:\Windows\SYSTEM32;C:\Windows\WinSxS\amd64_microsoft.windows.common-controls_6595b64144ccf1df_6.0.15063.483_none_26002d27e7c744a2;E:\mingyao\jdk-11.0.2_windows-x64_bin\jdk-11.0.2\bin\server;E:\mingyao\IntelliJ IDEA 2018.3.5\bin;C:\Program Files\Bonjour

VM Arguments:
jvm_args: -XX:TieredStopAtLevel=1 -Xverify:none -Dspring.output.ansi.enabled=always -Dcom.sun.management.jmxremote -Dspring.liveBeansView.mbeanDomain -Dspring.application.admin.enabled=true -javaagent:E:\mingyao\IntelliJ IDEA 2018.3.5\lib\idea_rt.jar=53578:E:\mingyao\IntelliJ IDEA 2018.3.5\bin -Dfile.encoding=UTF-8 
java_command: com.example.DemoApplication
java_class_path (initial): E:\mingyao\code\demo\target\classes;C:\Users\mingyao1\.m2\repository\org\springframework\boot\spring-boot-starter\2.1.3.RELEASE\spring-boot-starter-2.1.3.RELEASE.jar;C:\Users\mingyao1\.m2\repository\org\springframework\boot\spring-boot\2.1.3.RELEASE\spring-boot-2.1.3.RELEASE.jar;C:\Users\mingyao1\.m2\repository\org\springframework\spring-context\5.1.5.RELEASE\spring-context-5.1.5.RELEASE.jar;C:\Users\mingyao1\.m2\repository\org\springframework\boot\spring-boot-autoconfigure\2.1.3.RELEASE\spring-boot-autoconfigure-2.1.3.RELEASE.jar;C:\Users\mingyao1\.m2\repository\org\springframework\boot\spring-boot-starter-logging\2.1.3.RELEASE\spring-boot-starter-logging-2.1.3.RELEASE.jar;C:\Users\mingyao1\.m2\repository\ch\qos\logback\logback-classic\1.2.3\logback-classic-1.2.3.jar;C:\Users\mingyao1\.m2\repository\ch\qos\logback\logback-core\1.2.3\logback-core-1.2.3.jar;C:\Users\mingyao1\.m2\repository\org\apache\logging\log4j\log4j-to-slf4j\2.11.2\log4j-to-slf4j-2.11.2.jar;C:\Users\mingyao1\.m2\repository\org\apache\logging\log4j\log4j-api\2.11.2\log4j-api-2.11.2.jar;C:\Users\mingyao1\.m2\repository\org\slf4j\jul-to-slf4j\1.7.25\jul-to-slf4j-1.7.25.jar;C:\Users\mingyao1\.m2\repository\javax\annotation\javax.annotation-api\1.3.2\javax.annotation-api-1.3.2.jar;C:\Users\mingyao1\.m2\repository\org\springframework\spring-core\5.1.5.RELEASE\spring-core-5.1.5.RELEASE.jar;C:\Users\mingyao1\.m2\repository\org\springframework\spring-jcl\5.1.5.RELEASE\spring-jcl-5.1.5.RELEASE.jar;C:\Users\mingyao1\.m2\repository\org\yaml\snakeyaml\1.23\snakeyaml-1.23.jar;C:\Users\mingyao1\.m2\repository\org\springframework\boot\spring-boot-starter-web\2.1.3.RELEASE\spring-boot-starter-web-2.1.3.RELEASE.jar;C:\Users\mingyao1\.m2\repository\org\springframework\boot\spring-boot-starter-json\2.1.3.RELEASE\spring-boot-starter-json-2.1.3.RELEASE.jar;C:\Users\mingyao1\.m2\repository\com\fasterxml\jackson\core\jackson-databind\2.9.8\jackson-databind-2.9.8.jar;C:\Users\mingyao1\.m2\rep
Launcher Type: SUN_STANDARD

[Global flags]
     bool BytecodeVerificationLocal                = false                                     {product} {command line}
     bool BytecodeVerificationRemote               = false                                     {product} {command line}
     intx CICompilerCount                          = 3                                         {product} {ergonomic}
     uint ConcGCThreads                            = 1                                         {product} {ergonomic}
     uint G1ConcRefinementThreads                  = 4                                         {product} {ergonomic}
   size_t G1HeapRegionSize                         = 1048576                                   {product} {ergonomic}
    uintx GCDrainStackTargetSize                   = 64                                        {product} {ergonomic}
   size_t InitialHeapSize                          = 125829120                                 {product} {ergonomic}
     bool ManagementServer                         = true                                      {product} {command line}
   size_t MarkStackSize                            = 4194304                                   {product} {ergonomic}
   size_t MaxHeapSize                              = 2002780160                                {product} {ergonomic}
   size_t MaxNewSize                               = 1201668096                                {product} {ergonomic}
   size_t MinHeapDeltaBytes                        = 1048576                                   {product} {ergonomic}
    uintx NonNMethodCodeHeapSize                   = 6973028                                {pd product} {ergonomic}
    uintx NonProfiledCodeHeapSize                  = 244685212                              {pd product} {ergonomic}
    uintx ProfiledCodeHeapSize                     = 0                                      {pd product} {ergonomic}
    uintx ReservedCodeCacheSize                    = 251658240                              {pd product} {ergonomic}
     bool SegmentedCodeCache                       = true                                      {product} {ergonomic}
     intx TieredStopAtLevel                        = 1                                         {product} {command line}
     bool UseCompressedClassPointers               = true                                 {lp64_product} {ergonomic}
     bool UseCompressedOops                        = true                                 {lp64_product} {ergonomic}
     bool UseG1GC                                  = true                                      {product} {ergonomic}
     bool UseLargePagesIndividualAllocation        = false                                  {pd product} {ergonomic}

Logging:
Log output configuration:
 #0: stdout all=warning uptime,level,tags
 #1: stderr all=off uptime,level,tags

Environment Variables:
JAVA_HOME=E:\mingyao\jdk-11.0.2_windows-x64_bin\jdk-11.0.2
PATH=C:\Program Files (x86)\Common Files\NetSarang;C:\Windows\system32;C:\Windows;C:\Windows\System32\Wbem;C:\Windows\System32\WindowsPowerShell\v1.0\;C:\Program Files (x86)\PuTTY\;C:\Program Files\Common Files\Autodesk Shared\;C:\Program Files (x86)\Autodesk\Backburner\;C:\Program Files (x86)\Microsoft SQL Server\110\Tools\Binn\;C:\Program Files\Microsoft SQL Server\110\Tools\Binn\;C:\Program Files\Microsoft SQL Server\110\DTS\Binn\;E:\mingyao\nodejs\;E:\mingyao\Git\bin;E:\mingyao\jdk-11.0.2_windows-x64_bin\jdk-11.0.2\bin;E:\mingyao\apache-tomcat-9.0.16-windows-x64\apache-tomcat-9.0.16\lib;E:\mingyao\apache-tomcat-9.0.16-windows-x64\apache-tomcat-9.0.16\bin;E:\mingyao\apache-tomcat-9.0.16-windows-x64\apache-tomcat-9.0.16\lib;E:\mingyao2\Redis-x64-3.2.100;E:\mingyao2\mysql-8.0.15-winx64 (1)\mysql-8.0.15-winx64\bin;C:\Users\mingyao1\AppData\Local\Microsoft\WindowsApps;C:\Users\mingyao1\AppData\Roaming\npm
USERNAME=mingyao1
OS=Windows_NT
PROCESSOR_IDENTIFIER=Intel64 Family 6 Model 142 Stepping 9, GenuineIntel



---------------  S Y S T E M  ---------------

OS: Windows 10 , 64 bit Build 15063 (10.0.15063.296)

CPU:total 4 (initial active 4) (2 cores per cpu, 2 threads per core) family 6 model 142 stepping 9, cmov, cx8, fxsr, mmx, sse, sse2, sse3, ssse3, sse4.1, sse4.2, popcnt, avx, avx2, aes, clmul, erms, 3dnowpref, lzcnt, ht, tsc, tscinvbit, bmi1, bmi2, adx, fma

Memory: 4k page, system-wide physical 7639M (503M free)
TotalPageFile size 17879M (AvailPageFile size 2M)
current process WorkingSet (physical memory assigned to process): 40M, peak: 40M
current process commit charge ("private bytes"): 190M, peak: 190M

vm_info: Java HotSpot(TM) 64-Bit Server VM (11.0.2+9-LTS) for windows-amd64 JRE (11.0.2+9-LTS), built on Jan 18 2019 05:24:10 by "mach5one" with MS VC++ 15.5 (VS2017)

END.
